2021/06/20 22:59:55 [INFO] Terraform version: 0.14.11  
2021/06/20 22:59:55 [INFO] Go runtime version: go1.15.6
2021/06/20 22:59:55 [INFO] CLI args: []string{"/usr/local/bin/terraform", "plan"}
2021/06/20 22:59:55 [DEBUG] Attempting to open CLI config file: /home/magalhaes/.terraformrc
2021/06/20 22:59:55 [DEBUG] File doesn't exist, but doesn't need to. Ignoring.
2021/06/20 22:59:55 [DEBUG] checking for credentials in "/home/magalhaes/.terraform.d/plugins"
2021/06/20 22:59:55 [DEBUG] ignoring non-existing provider search directory terraform.d/plugins
2021/06/20 22:59:55 [DEBUG] will search for provider plugins in /home/magalhaes/.terraform.d/plugins
2021/06/20 22:59:55 [TRACE] getproviders.SearchLocalDirectory: /home/magalhaes/.terraform.d/plugins is a symlink to /home/magalhaes/.terraform.d/plugins
2021/06/20 22:59:55 [TRACE] getproviders.SearchLocalDirectory: found hashicorp.com/edu/hashicups v0.2.0 for linux_amd64 at /home/magalhaes/.terraform.d/plugins/hashicorp.com/edu/hashicups/0.2/linux_amd64
2021/06/20 22:59:55 [TRACE] getproviders.SearchLocalDirectory: found hashicorp.com/edu/sftpgo v0.3.0 for linux_amd64 at /home/magalhaes/.terraform.d/plugins/hashicorp.com/edu/sftpgo/0.3/linux_amd64
2021/06/20 22:59:55 [DEBUG] ignoring non-existing provider search directory /home/magalhaes/.local/share/terraform/plugins
2021/06/20 22:59:55 [DEBUG] ignoring non-existing provider search directory /usr/share/ubuntu/terraform/plugins
2021/06/20 22:59:55 [DEBUG] ignoring non-existing provider search directory /usr/local/share/terraform/plugins
2021/06/20 22:59:55 [DEBUG] ignoring non-existing provider search directory /usr/share/terraform/plugins
2021/06/20 22:59:55 [DEBUG] ignoring non-existing provider search directory /var/lib/snapd/desktop/terraform/plugins
2021/06/20 22:59:55 [INFO] CLI command args: []string{"plan"}
2021/06/20 22:59:55 [TRACE] Meta.Backend: no config given or present on disk, so returning nil config
2021/06/20 22:59:55 [TRACE] Meta.Backend: backend has not previously been initialized in this working directory
2021/06/20 22:59:55 [DEBUG] New state was assigned lineage "ba169b0e-3b95-8a27-5b10-52e452dc71b8"
2021/06/20 22:59:55 [TRACE] Meta.Backend: using default local state only (no backend configuration, and no existing initialized backend)
2021/06/20 22:59:55 [TRACE] Meta.Backend: instantiated backend of type <nil>
2021/06/20 22:59:55 [TRACE] providercache.fillMetaCache: scanning directory .terraform/providers
2021/06/20 22:59:55 [TRACE] getproviders.SearchLocalDirectory: .terraform/providers is a symlink to .terraform/providers
2021/06/20 22:59:55 [TRACE] getproviders.SearchLocalDirectory: found hashicorp.com/edu/hashicups v0.2.0 for linux_amd64 at .terraform/providers/hashicorp.com/edu/hashicups/0.2.0/linux_amd64
2021/06/20 22:59:55 [TRACE] providercache.fillMetaCache: including .terraform/providers/hashicorp.com/edu/hashicups/0.2.0/linux_amd64 as a candidate package for hashicorp.com/edu/hashicups 0.2.0
2021/06/20 22:59:55 [DEBUG] checking for provisioner in "."
2021/06/20 22:59:55 [DEBUG] checking for provisioner in "/usr/local/bin"
2021/06/20 22:59:55 [DEBUG] checking for provisioner in "/home/magalhaes/.terraform.d/plugins"
2021/06/20 22:59:55 [INFO] Failed to read plugin lock file .terraform/plugins/linux_amd64/lock.json: open .terraform/plugins/linux_amd64/lock.json: no such file or directory
2021/06/20 22:59:55 [TRACE] Meta.Backend: backend <nil> does not support operations, so wrapping it in a local backend
2021/06/20 22:59:55 [INFO] backend/local: starting Plan operation
2021/06/20 22:59:55 [TRACE] backend/local: requesting state manager for workspace "default"
2021/06/20 22:59:55 [TRACE] backend/local: state manager for workspace "default" will:
 - read initial snapshot from terraform.tfstate
 - write new snapshots to terraform.tfstate
 - create any backup at terraform.tfstate.backup
2021/06/20 22:59:55 [TRACE] backend/local: requesting state lock for workspace "default"
2021/06/20 22:59:55 [TRACE] statemgr.Filesystem: preparing to manage state snapshots at terraform.tfstate
2021/06/20 22:59:55 [TRACE] statemgr.Filesystem: no previously-stored snapshot exists
2021/06/20 22:59:55 [TRACE] statemgr.Filesystem: locking terraform.tfstate using fcntl flock
2021/06/20 22:59:55 [TRACE] statemgr.Filesystem: writing lock metadata to .terraform.tfstate.lock.info
2021/06/20 22:59:55 [TRACE] backend/local: reading remote state for workspace "default"
2021/06/20 22:59:55 [TRACE] statemgr.Filesystem: reading latest snapshot from terraform.tfstate
2021/06/20 22:59:55 [TRACE] statemgr.Filesystem: snapshot file has nil snapshot, but that's okay
2021/06/20 22:59:55 [TRACE] statemgr.Filesystem: read nil snapshot
2021/06/20 22:59:55 [TRACE] backend/local: retrieving local state snapshot for workspace "default"
2021/06/20 22:59:55 [TRACE] backend/local: building context for current working directory
2021/06/20 22:59:55 [TRACE] terraform.NewContext: starting
2021/06/20 22:59:55 [TRACE] terraform.NewContext: loading provider schemas
2021/06/20 22:59:55 [TRACE] LoadSchemas: retrieving schema for provider type "hashicorp.com/edu/hashicups"
2021-06-20T22:59:55.429+0100 [INFO]  plugin: configuring client automatic mTLS
2021-06-20T22:59:55.451+0100 [DEBUG] plugin: starting plugin: path=.terraform/providers/hashicorp.com/edu/hashicups/0.2.0/linux_amd64/terraform-provider-hashicups args=[.terraform/providers/hashicorp.com/edu/hashicups/0.2.0/linux_amd64/terraform-provider-hashicups]
2021-06-20T22:59:55.452+0100 [DEBUG] plugin: plugin started: path=.terraform/providers/hashicorp.com/edu/hashicups/0.2.0/linux_amd64/terraform-provider-hashicups pid=48819
2021-06-20T22:59:55.452+0100 [DEBUG] plugin: waiting for RPC address: path=.terraform/providers/hashicorp.com/edu/hashicups/0.2.0/linux_amd64/terraform-provider-hashicups
2021-06-20T22:59:55.456+0100 [INFO]  plugin.terraform-provider-hashicups: configuring server automatic mTLS: timestamp=2021-06-20T22:59:55.456+0100
2021-06-20T22:59:55.478+0100 [DEBUG] plugin.terraform-provider-hashicups: plugin address: address=/tmp/plugin891122923 network=unix timestamp=2021-06-20T22:59:55.478+0100
2021-06-20T22:59:55.478+0100 [DEBUG] plugin: using plugin: version=5
2021/06/20 22:59:55 [TRACE] GRPCProvider: GetSchema
2021-06-20T22:59:55.523+0100 [TRACE] plugin.stdio: waiting for stdio data
2021/06/20 22:59:55 [TRACE] GRPCProvider: Close
2021-06-20T22:59:55.525+0100 [WARN]  plugin.stdio: received EOF, stopping recv loop: err="rpc error: code = Unavailable desc = transport is closing"
2021-06-20T22:59:55.527+0100 [DEBUG] plugin: plugin process exited: path=.terraform/providers/hashicorp.com/edu/hashicups/0.2.0/linux_amd64/terraform-provider-hashicups pid=48819
2021-06-20T22:59:55.527+0100 [DEBUG] plugin: plugin exited
2021/06/20 22:59:55 [TRACE] terraform.NewContext: complete
2021/06/20 22:59:55 [TRACE] backend/local: finished building terraform.Context
2021/06/20 22:59:55 [TRACE] backend/local: requesting interactive input, if necessary
2021/06/20 22:59:55 [TRACE] Context.Input: Prompting for provider arguments
2021/06/20 22:59:55 [TRACE] Context.Input: Provider provider.hashicups declared at main.tf:10,1-21
2021/06/20 22:59:55 [TRACE] Context.Input: Input for provider.hashicups: map[string]cty.Value{}
2021/06/20 22:59:55 [TRACE] backend/local: running validation operation
2021/06/20 22:59:55 [INFO] terraform: building graph: GraphTypeValidate
2021/06/20 22:59:55 [TRACE] Executing graph transform *terraform.ConfigTransformer
2021/06/20 22:59:55 [TRACE] ConfigTransformer: Starting for path: 
2021/06/20 22:59:55 [TRACE] Completed graph transform *terraform.ConfigTransformer with new graph:
  hashicups_admin.test - *terraform.NodeValidatableResource
  hashicups_user.test - *terraform.NodeValidatableResource
  ------
2021/06/20 22:59:55 [TRACE] Executing graph transform *terraform.RootVariableTransformer
2021/06/20 22:59:55 [TRACE] Completed graph transform *terraform.RootVariableTransformer (no changes)
2021/06/20 22:59:55 [TRACE] Executing graph transform *terraform.ModuleVariableTransformer
2021/06/20 22:59:55 [TRACE] Completed graph transform *terraform.ModuleVariableTransformer (no changes)
2021/06/20 22:59:55 [TRACE] Executing graph transform *terraform.LocalTransformer
2021/06/20 22:59:55 [TRACE] Completed graph transform *terraform.LocalTransformer (no changes)
2021/06/20 22:59:55 [TRACE] Executing graph transform *terraform.OutputTransformer
2021/06/20 22:59:55 [TRACE] Completed graph transform *terraform.OutputTransformer (no changes)
2021/06/20 22:59:55 [TRACE] Executing graph transform *terraform.OrphanResourceInstanceTransformer
2021/06/20 22:59:55 [TRACE] Completed graph transform *terraform.OrphanResourceInstanceTransformer (no changes)
2021/06/20 22:59:55 [TRACE] Executing graph transform *terraform.StateTransformer
2021/06/20 22:59:55 [TRACE] StateTransformer: state is empty, so nothing to do
2021/06/20 22:59:55 [TRACE] Completed graph transform *terraform.StateTransformer (no changes)
2021/06/20 22:59:55 [TRACE] Executing graph transform *terraform.AttachStateTransformer
2021/06/20 22:59:55 [TRACE] Completed graph transform *terraform.AttachStateTransformer (no changes)
2021/06/20 22:59:55 [TRACE] Executing graph transform *terraform.OrphanOutputTransformer
2021/06/20 22:59:55 [TRACE] Completed graph transform *terraform.OrphanOutputTransformer (no changes)
2021/06/20 22:59:55 [TRACE] Executing graph transform *terraform.AttachResourceConfigTransformer
2021/06/20 22:59:55 [TRACE] AttachResourceConfigTransformer: attaching to "hashicups_admin.test" (*terraform.NodeValidatableResource) config from main.tf:16,1-34
2021/06/20 22:59:55 [TRACE] AttachResourceConfigTransformer: attaching provider meta configs to hashicups_admin.test
2021/06/20 22:59:55 [TRACE] AttachResourceConfigTransformer: attaching to "hashicups_user.test" (*terraform.NodeValidatableResource) config from main.tf:32,1-33
2021/06/20 22:59:55 [TRACE] AttachResourceConfigTransformer: attaching provider meta configs to hashicups_user.test
2021/06/20 22:59:55 [TRACE] Completed graph transform *terraform.AttachResourceConfigTransformer (no changes)
2021/06/20 22:59:55 [TRACE] Executing graph transform *terraform.MissingProvisionerTransformer
2021/06/20 22:59:55 [TRACE] Completed graph transform *terraform.MissingProvisionerTransformer (no changes)
2021/06/20 22:59:55 [TRACE] Executing graph transform *terraform.ProvisionerTransformer
2021/06/20 22:59:55 [TRACE] Completed graph transform *terraform.ProvisionerTransformer (no changes)
2021/06/20 22:59:55 [TRACE] Executing graph transform *terraform.graphTransformerMulti
2021/06/20 22:59:55 [TRACE] (graphTransformerMulti) Executing graph transform *terraform.ProviderConfigTransformer
2021/06/20 22:59:55 [TRACE] ProviderConfigTransformer: attaching to "provider[\"hashicorp.com/edu/hashicups\"]" provider configuration from main.tf:10,1-21
2021/06/20 22:59:55 [TRACE] (graphTransformerMulti) Completed graph transform *terraform.ProviderConfigTransformer with new graph:
  hashicups_admin.test - *terraform.NodeValidatableResource
  hashicups_user.test - *terraform.NodeValidatableResource
  provider["hashicorp.com/edu/hashicups"] - *terraform.NodeApplyableProvider
  ------
2021/06/20 22:59:55 [TRACE] (graphTransformerMulti) Executing graph transform *terraform.MissingProviderTransformer
2021/06/20 22:59:55 [TRACE] (graphTransformerMulti) Completed graph transform *terraform.MissingProviderTransformer (no changes)
2021/06/20 22:59:55 [TRACE] (graphTransformerMulti) Executing graph transform *terraform.ProviderTransformer
2021/06/20 22:59:55 [TRACE] ProviderTransformer: exact match for provider["hashicorp.com/edu/hashicups"] serving hashicups_admin.test
2021/06/20 22:59:55 [DEBUG] ProviderTransformer: "hashicups_admin.test" (*terraform.NodeValidatableResource) needs provider["hashicorp.com/edu/hashicups"]
2021/06/20 22:59:55 [TRACE] ProviderTransformer: exact match for provider["hashicorp.com/edu/hashicups"] serving hashicups_user.test
2021/06/20 22:59:55 [DEBUG] ProviderTransformer: "hashicups_user.test" (*terraform.NodeValidatableResource) needs provider["hashicorp.com/edu/hashicups"]
2021/06/20 22:59:55 [TRACE] (graphTransformerMulti) Completed graph transform *terraform.ProviderTransformer with new graph:
  hashicups_admin.test - *terraform.NodeValidatableResource
    provider["hashicorp.com/edu/hashicups"] - *terraform.NodeApplyableProvider
  hashicups_user.test - *terraform.NodeValidatableResource
    provider["hashicorp.com/edu/hashicups"] - *terraform.NodeApplyableProvider
  provider["hashicorp.com/edu/hashicups"] - *terraform.NodeApplyableProvider
  ------
2021/06/20 22:59:55 [TRACE] (graphTransformerMulti) Executing graph transform *terraform.PruneProviderTransformer
2021/06/20 22:59:55 [TRACE] (graphTransformerMulti) Completed graph transform *terraform.PruneProviderTransformer (no changes)
2021/06/20 22:59:55 [TRACE] (graphTransformerMulti) Executing graph transform *terraform.ParentProviderTransformer
2021/06/20 22:59:55 [TRACE] (graphTransformerMulti) Completed graph transform *terraform.ParentProviderTransformer (no changes)
2021/06/20 22:59:55 [TRACE] Completed graph transform *terraform.graphTransformerMulti with new graph:
  hashicups_admin.test - *terraform.NodeValidatableResource
    provider["hashicorp.com/edu/hashicups"] - *terraform.NodeApplyableProvider
  hashicups_user.test - *terraform.NodeValidatableResource
    provider["hashicorp.com/edu/hashicups"] - *terraform.NodeApplyableProvider
  provider["hashicorp.com/edu/hashicups"] - *terraform.NodeApplyableProvider
  ------
2021/06/20 22:59:55 [TRACE] Executing graph transform *terraform.RemovedModuleTransformer
2021/06/20 22:59:55 [TRACE] Completed graph transform *terraform.RemovedModuleTransformer (no changes)
2021/06/20 22:59:55 [TRACE] Executing graph transform *terraform.AttachSchemaTransformer
2021/06/20 22:59:55 [TRACE] AttachSchemaTransformer: attaching resource schema to hashicups_admin.test
2021/06/20 22:59:55 [TRACE] AttachSchemaTransformer: attaching resource schema to hashicups_user.test
2021/06/20 22:59:55 [TRACE] AttachSchemaTransformer: attaching provider config schema to provider["hashicorp.com/edu/hashicups"]
2021/06/20 22:59:55 [TRACE] Completed graph transform *terraform.AttachSchemaTransformer (no changes)
2021/06/20 22:59:55 [TRACE] Executing graph transform *terraform.ModuleExpansionTransformer
2021/06/20 22:59:55 [TRACE] Completed graph transform *terraform.ModuleExpansionTransformer (no changes)
2021/06/20 22:59:55 [TRACE] Executing graph transform *terraform.ReferenceTransformer
2021/06/20 22:59:55 [DEBUG] ReferenceTransformer: "hashicups_admin.test" references: []
2021/06/20 22:59:55 [DEBUG] ReferenceTransformer: "hashicups_user.test" references: []
2021/06/20 22:59:55 [DEBUG] ReferenceTransformer: "provider[\"hashicorp.com/edu/hashicups\"]" references: []
2021/06/20 22:59:55 [TRACE] Completed graph transform *terraform.ReferenceTransformer (no changes)
2021/06/20 22:59:55 [TRACE] Executing graph transform *terraform.AttachDependenciesTransformer
2021/06/20 22:59:55 [TRACE] Completed graph transform *terraform.AttachDependenciesTransformer (no changes)
2021/06/20 22:59:55 [TRACE] Executing graph transform *terraform.attachDataResourceDependenciesTransformer
2021/06/20 22:59:55 [TRACE] Completed graph transform *terraform.attachDataResourceDependenciesTransformer (no changes)
2021/06/20 22:59:55 [TRACE] Executing graph transform *terraform.TargetsTransformer
2021/06/20 22:59:55 [TRACE] Completed graph transform *terraform.TargetsTransformer (no changes)
2021/06/20 22:59:55 [TRACE] Executing graph transform *terraform.ForcedCBDTransformer
2021/06/20 22:59:55 [TRACE] Completed graph transform *terraform.ForcedCBDTransformer (no changes)
2021/06/20 22:59:55 [TRACE] Executing graph transform *terraform.CountBoundaryTransformer
2021/06/20 22:59:55 [TRACE] Completed graph transform *terraform.CountBoundaryTransformer with new graph:
  hashicups_admin.test - *terraform.NodeValidatableResource
    provider["hashicorp.com/edu/hashicups"] - *terraform.NodeApplyableProvider
  hashicups_user.test - *terraform.NodeValidatableResource
    provider["hashicorp.com/edu/hashicups"] - *terraform.NodeApplyableProvider
  meta.count-boundary (EachMode fixup) - *terraform.NodeCountBoundary
    hashicups_admin.test - *terraform.NodeValidatableResource
    hashicups_user.test - *terraform.NodeValidatableResource
    provider["hashicorp.com/edu/hashicups"] - *terraform.NodeApplyableProvider
  provider["hashicorp.com/edu/hashicups"] - *terraform.NodeApplyableProvider
  ------
2021/06/20 22:59:55 [TRACE] Executing graph transform *terraform.CloseProviderTransformer
2021/06/20 22:59:55 [TRACE] Completed graph transform *terraform.CloseProviderTransformer with new graph:
  hashicups_admin.test - *terraform.NodeValidatableResource
    provider["hashicorp.com/edu/hashicups"] - *terraform.NodeApplyableProvider
  hashicups_user.test - *terraform.NodeValidatableResource
    provider["hashicorp.com/edu/hashicups"] - *terraform.NodeApplyableProvider
  meta.count-boundary (EachMode fixup) - *terraform.NodeCountBoundary
    hashicups_admin.test - *terraform.NodeValidatableResource
    hashicups_user.test - *terraform.NodeValidatableResource
    provider["hashicorp.com/edu/hashicups"] - *terraform.NodeApplyableProvider
  provider["hashicorp.com/edu/hashicups"] - *terraform.NodeApplyableProvider
  provider["hashicorp.com/edu/hashicups"] (close) - *terraform.graphNodeCloseProvider
    hashicups_admin.test - *terraform.NodeValidatableResource
    hashicups_user.test - *terraform.NodeValidatableResource
    provider["hashicorp.com/edu/hashicups"] - *terraform.NodeApplyableProvider
  ------
2021/06/20 22:59:55 [TRACE] Executing graph transform *terraform.CloseRootModuleTransformer
2021/06/20 22:59:55 [TRACE] Completed graph transform *terraform.CloseRootModuleTransformer with new graph:
  hashicups_admin.test - *terraform.NodeValidatableResource
    provider["hashicorp.com/edu/hashicups"] - *terraform.NodeApplyableProvider
  hashicups_user.test - *terraform.NodeValidatableResource
    provider["hashicorp.com/edu/hashicups"] - *terraform.NodeApplyableProvider
  meta.count-boundary (EachMode fixup) - *terraform.NodeCountBoundary
    hashicups_admin.test - *terraform.NodeValidatableResource
    hashicups_user.test - *terraform.NodeValidatableResource
    provider["hashicorp.com/edu/hashicups"] - *terraform.NodeApplyableProvider
  provider["hashicorp.com/edu/hashicups"] - *terraform.NodeApplyableProvider
  provider["hashicorp.com/edu/hashicups"] (close) - *terraform.graphNodeCloseProvider
    hashicups_admin.test - *terraform.NodeValidatableResource
    hashicups_user.test - *terraform.NodeValidatableResource
    provider["hashicorp.com/edu/hashicups"] - *terraform.NodeApplyableProvider
  root - *terraform.nodeCloseModule
    meta.count-boundary (EachMode fixup) - *terraform.NodeCountBoundary
    provider["hashicorp.com/edu/hashicups"] (close) - *terraform.graphNodeCloseProvider
  ------
2021/06/20 22:59:55 [TRACE] Executing graph transform *terraform.TransitiveReductionTransformer
2021/06/20 22:59:55 [TRACE] Completed graph transform *terraform.TransitiveReductionTransformer with new graph:
  hashicups_admin.test - *terraform.NodeValidatableResource
    provider["hashicorp.com/edu/hashicups"] - *terraform.NodeApplyableProvider
  hashicups_user.test - *terraform.NodeValidatableResource
    provider["hashicorp.com/edu/hashicups"] - *terraform.NodeApplyableProvider
  meta.count-boundary (EachMode fixup) - *terraform.NodeCountBoundary
    hashicups_admin.test - *terraform.NodeValidatableResource
    hashicups_user.test - *terraform.NodeValidatableResource
  provider["hashicorp.com/edu/hashicups"] - *terraform.NodeApplyableProvider
  provider["hashicorp.com/edu/hashicups"] (close) - *terraform.graphNodeCloseProvider
    hashicups_admin.test - *terraform.NodeValidatableResource
    hashicups_user.test - *terraform.NodeValidatableResource
  root - *terraform.nodeCloseModule
    meta.count-boundary (EachMode fixup) - *terraform.NodeCountBoundary
    provider["hashicorp.com/edu/hashicups"] (close) - *terraform.graphNodeCloseProvider
  ------
2021/06/20 22:59:55 [DEBUG] Starting graph walk: walkValidate
2021/06/20 22:59:55 [TRACE] dag/walk: visiting "provider[\"hashicorp.com/edu/hashicups\"]"
2021/06/20 22:59:55 [TRACE] vertex "provider[\"hashicorp.com/edu/hashicups\"]": starting visit (*terraform.NodeApplyableProvider)
2021-06-20T22:59:55.528+0100 [INFO]  plugin: configuring client automatic mTLS
2021-06-20T22:59:55.550+0100 [DEBUG] plugin: starting plugin: path=.terraform/providers/hashicorp.com/edu/hashicups/0.2.0/linux_amd64/terraform-provider-hashicups args=[.terraform/providers/hashicorp.com/edu/hashicups/0.2.0/linux_amd64/terraform-provider-hashicups]
2021-06-20T22:59:55.551+0100 [DEBUG] plugin: plugin started: path=.terraform/providers/hashicorp.com/edu/hashicups/0.2.0/linux_amd64/terraform-provider-hashicups pid=48832
2021-06-20T22:59:55.551+0100 [DEBUG] plugin: waiting for RPC address: path=.terraform/providers/hashicorp.com/edu/hashicups/0.2.0/linux_amd64/terraform-provider-hashicups
2021-06-20T22:59:55.555+0100 [INFO]  plugin.terraform-provider-hashicups: configuring server automatic mTLS: timestamp=2021-06-20T22:59:55.555+0100
2021-06-20T22:59:55.577+0100 [DEBUG] plugin.terraform-provider-hashicups: plugin address: address=/tmp/plugin440501990 network=unix timestamp=2021-06-20T22:59:55.577+0100
2021-06-20T22:59:55.577+0100 [DEBUG] plugin: using plugin: version=5
2021/06/20 22:59:55 [TRACE] BuiltinEvalContext: Initialized "provider[\"hashicorp.com/edu/hashicups\"]" provider for provider["hashicorp.com/edu/hashicups"]
2021/06/20 22:59:55 [TRACE] buildProviderConfig for provider["hashicorp.com/edu/hashicups"]: using explicit config only
2021/06/20 22:59:55 [TRACE] GRPCProvider: GetSchema
2021-06-20T22:59:55.623+0100 [TRACE] plugin.stdio: waiting for stdio data
2021/06/20 22:59:55 [TRACE] GRPCProvider: PrepareProviderConfig
2021/06/20 22:59:55 [TRACE] vertex "provider[\"hashicorp.com/edu/hashicups\"]": visit complete
2021/06/20 22:59:55 [TRACE] dag/walk: visiting "hashicups_user.test"
2021/06/20 22:59:55 [TRACE] dag/walk: visiting "hashicups_admin.test"
2021/06/20 22:59:55 [TRACE] vertex "hashicups_user.test": starting visit (*terraform.NodeValidatableResource)
2021/06/20 22:59:55 [TRACE] vertex "hashicups_admin.test": starting visit (*terraform.NodeValidatableResource)
2021/06/20 22:59:55 [TRACE] GRPCProvider: ValidateResourceTypeConfig
2021/06/20 22:59:55 [TRACE] GRPCProvider: ValidateResourceTypeConfig
2021-06-20T22:59:55.630+0100 [DEBUG] plugin.terraform-provider-hashicups: panic: Unknown validation type: 6
2021-06-20T22:59:55.630+0100 [DEBUG] plugin.terraform-provider-hashicups: 
2021-06-20T22:59:55.630+0100 [DEBUG] plugin.terraform-provider-hashicups: goroutine 67 [running]:
2021-06-20T22:59:55.630+0100 [DEBUG] plugin.terraform-provider-hashicups: github.com/hashicorp/terraform-plugin-sdk/v2/helper/schema.validateMapValues(0xc98564, 0xb, 0xc000266390, 0xc00036dcc0, 0xc00027a2c0, 0x1, 0x1, 0x98, 0xba8420, 0xc00027a340)
2021-06-20T22:59:55.630+0100 [DEBUG] plugin.terraform-provider-hashicups: 	/home/magalhaes/workplace/sword/drakkan-sftpgo-terraform/vendor/github.com/hashicorp/terraform-plugin-sdk/v2/helper/schema/schema.go:1909 +0xc17
2021-06-20T22:59:55.630+0100 [DEBUG] plugin.terraform-provider-hashicups: github.com/hashicorp/terraform-plugin-sdk/v2/helper/schema.schemaMap.validateMap(0xc0003023c0, 0xc98564, 0xb, 0xbbaa80, 0xc000266390, 0xc00036dcc0, 0xc000266330, 0xc00027a2c0, 0x1, 0x1, ...)
2021-06-20T22:59:55.630+0100 [DEBUG] plugin.terraform-provider-hashicups: 	/home/magalhaes/workplace/sword/drakkan-sftpgo-terraform/vendor/github.com/hashicorp/terraform-plugin-sdk/v2/helper/schema/schema.go:1816 +0x9a5
2021-06-20T22:59:55.630+0100 [DEBUG] plugin.terraform-provider-hashicups: github.com/hashicorp/terraform-plugin-sdk/v2/helper/schema.schemaMap.validateType(0xc0003023c0, 0xc98564, 0xb, 0xbbaa80, 0xc000266390, 0xc00036dcc0, 0xc000266330, 0xc00027a2c0, 0x1, 0x1, ...)
2021-06-20T22:59:55.630+0100 [DEBUG] plugin.terraform-provider-hashicups: 	/home/magalhaes/workplace/sword/drakkan-sftpgo-terraform/vendor/github.com/hashicorp/terraform-plugin-sdk/v2/helper/schema/schema.go:2106 +0x4b5
2021-06-20T22:59:55.630+0100 [DEBUG] plugin.terraform-provider-hashicups: github.com/hashicorp/terraform-plugin-sdk/v2/helper/schema.schemaMap.validate(0xc0003023c0, 0xc98564, 0xb, 0xc00036dcc0, 0xc000266330, 0xc00027a2c0, 0x1, 0x1, 0x0, 0x0, ...)
2021-06-20T22:59:55.630+0100 [DEBUG] plugin.terraform-provider-hashicups: 	/home/magalhaes/workplace/sword/drakkan-sftpgo-terraform/vendor/github.com/hashicorp/terraform-plugin-sdk/v2/helper/schema/schema.go:1531 +0x8ab
2021-06-20T22:59:55.630+0100 [DEBUG] plugin.terraform-provider-hashicups: github.com/hashicorp/terraform-plugin-sdk/v2/helper/schema.schemaMap.validateObject(0xc0003023c0, 0x0, 0x0, 0xc0003023c0, 0xc000266330, 0x11f6bf8, 0x0, 0x0, 0x0, 0x0, ...)
2021-06-20T22:59:55.630+0100 [DEBUG] plugin.terraform-provider-hashicups: 	/home/magalhaes/workplace/sword/drakkan-sftpgo-terraform/vendor/github.com/hashicorp/terraform-plugin-sdk/v2/helper/schema/schema.go:1967 +0x29c
2021-06-20T22:59:55.630+0100 [DEBUG] plugin.terraform-provider-hashicups: github.com/hashicorp/terraform-plugin-sdk/v2/helper/schema.schemaMap.Validate(...)
2021-06-20T22:59:55.630+0100 [DEBUG] plugin.terraform-provider-hashicups: 	/home/magalhaes/workplace/sword/drakkan-sftpgo-terraform/vendor/github.com/hashicorp/terraform-plugin-sdk/v2/helper/schema/schema.go:646
2021-06-20T22:59:55.630+0100 [DEBUG] plugin.terraform-provider-hashicups: github.com/hashicorp/terraform-plugin-sdk/v2/helper/schema.(*Resource).Validate(0xc00036e700, 0xc000266330, 0xc00024ea50, 0xe, 0xc0003104a0)
2021-06-20T22:59:55.630+0100 [DEBUG] plugin.terraform-provider-hashicups: 	/home/magalhaes/workplace/sword/drakkan-sftpgo-terraform/vendor/github.com/hashicorp/terraform-plugin-sdk/v2/helper/schema/resource.go:531 +0x6e
2021-06-20T22:59:55.630+0100 [DEBUG] plugin.terraform-provider-hashicups: github.com/hashicorp/terraform-plugin-sdk/v2/helper/schema.(*Provider).ValidateResource(0xc000314050, 0xc00024ea50, 0xe, 0xc000266330, 0xc00024b380, 0xc000266330, 0xc0007122e0)
2021-06-20T22:59:55.630+0100 [DEBUG] plugin.terraform-provider-hashicups: 	/home/magalhaes/workplace/sword/drakkan-sftpgo-terraform/vendor/github.com/hashicorp/terraform-plugin-sdk/v2/helper/schema/provider.go:251 +0x165
2021-06-20T22:59:55.630+0100 [DEBUG] plugin.terraform-provider-hashicups: github.com/hashicorp/terraform-plugin-sdk/v2/helper/schema.(*GRPCProviderServer).ValidateResourceTypeConfig(0xc0003080c0, 0xd84b00, 0xc00004ddc0, 0xc0005937c0, 0xc00004ddc0, 0xc2f980, 0xc5d0c0)
2021-06-20T22:59:55.630+0100 [DEBUG] plugin.terraform-provider-hashicups: 	/home/magalhaes/workplace/sword/drakkan-sftpgo-terraform/vendor/github.com/hashicorp/terraform-plugin-sdk/v2/helper/schema/grpc_provider.go:230 +0x1cf
2021-06-20T22:59:55.630+0100 [DEBUG] plugin.terraform-provider-hashicups: github.com/hashicorp/terraform-plugin-go/tfprotov5/server.(*server).ValidateResourceTypeConfig(0xc000593bc0, 0xd84b00, 0xc00004ddc0, 0xc00004dd00, 0xc000593bc0, 0xc00024b170, 0xc00023aba0)
2021-06-20T22:59:55.630+0100 [DEBUG] plugin.terraform-provider-hashicups: 	/home/magalhaes/workplace/sword/drakkan-sftpgo-terraform/vendor/github.com/hashicorp/terraform-plugin-go/tfprotov5/server/server.go:264 +0xcc
2021-06-20T22:59:55.630+0100 [DEBUG] plugin.terraform-provider-hashicups: github.com/hashicorp/terraform-plugin-go/tfprotov5/internal/tfplugin5._Provider_ValidateResourceTypeConfig_Handler(0xc5d0c0, 0xc000593bc0, 0xd84bc0, 0xc00024b170, 0xc000701d40, 0x0, 0xd84bc0, 0xc00024b170, 0xc0000d2580, 0x145)
2021-06-20T22:59:55.630+0100 [DEBUG] plugin.terraform-provider-hashicups: 	/home/magalhaes/workplace/sword/drakkan-sftpgo-terraform/vendor/github.com/hashicorp/terraform-plugin-go/tfprotov5/internal/tfplugin5/tfplugin5_grpc.pb.go:272 +0x214
2021-06-20T22:59:55.630+0100 [DEBUG] plugin.terraform-provider-hashicups: google.golang.org/grpc.(*Server).processUnaryRPC(0xc00032a540, 0xd8c5c0, 0xc000582780, 0xc00017e000, 0xc000302ae0, 0x11b8a90, 0x0, 0x0, 0x0)
2021-06-20T22:59:55.630+0100 [DEBUG] plugin.terraform-provider-hashicups: 	/home/magalhaes/workplace/sword/drakkan-sftpgo-terraform/vendor/google.golang.org/grpc/server.go:1194 +0x522
2021-06-20T22:59:55.630+0100 [DEBUG] plugin.terraform-provider-hashicups: google.golang.org/grpc.(*Server).handleStream(0xc00032a540, 0xd8c5c0, 0xc000582780, 0xc00017e000, 0x0)
2021-06-20T22:59:55.630+0100 [DEBUG] plugin.terraform-provider-hashicups: 	/home/magalhaes/workplace/sword/drakkan-sftpgo-terraform/vendor/google.golang.org/grpc/server.go:1517 +0xd05
2021-06-20T22:59:55.630+0100 [DEBUG] plugin.terraform-provider-hashicups: google.golang.org/grpc.(*Server).serveStreams.func1.2(0xc00030a1c0, 0xc00032a540, 0xd8c5c0, 0xc000582780, 0xc00017e000)
2021-06-20T22:59:55.630+0100 [DEBUG] plugin.terraform-provider-hashicups: 	/home/magalhaes/workplace/sword/drakkan-sftpgo-terraform/vendor/google.golang.org/grpc/server.go:859 +0xa5
2021-06-20T22:59:55.630+0100 [DEBUG] plugin.terraform-provider-hashicups: created by google.golang.org/grpc.(*Server).serveStreams.func1
2021-06-20T22:59:55.630+0100 [DEBUG] plugin.terraform-provider-hashicups: 	/home/magalhaes/workplace/sword/drakkan-sftpgo-terraform/vendor/google.golang.org/grpc/server.go:857 +0x1fd
2021-06-20T22:59:55.632+0100 [DEBUG] plugin: plugin process exited: path=.terraform/providers/hashicorp.com/edu/hashicups/0.2.0/linux_amd64/terraform-provider-hashicups pid=48832 error="exit status 2"
2021/06/20 22:59:55 [TRACE] vertex "hashicups_user.test": visit complete
2021/06/20 22:59:55 [TRACE] vertex "hashicups_admin.test": visit complete
2021-06-20T22:59:55.632+0100 [WARN]  plugin.stdio: received EOF, stopping recv loop: err="rpc error: code = Unavailable desc = transport is closing"
2021/06/20 22:59:55 [TRACE] dag/walk: visiting "meta.count-boundary (EachMode fixup)"
2021/06/20 22:59:55 [TRACE] vertex "meta.count-boundary (EachMode fixup)": starting visit (*terraform.NodeCountBoundary)
2021/06/20 22:59:55 [TRACE] dag/walk: visiting "provider[\"hashicorp.com/edu/hashicups\"] (close)"
2021/06/20 22:59:55 [TRACE] vertex "meta.count-boundary (EachMode fixup)": visit complete
2021/06/20 22:59:55 [TRACE] vertex "provider[\"hashicorp.com/edu/hashicups\"] (close)": starting visit (*terraform.graphNodeCloseProvider)
2021/06/20 22:59:55 [TRACE] GRPCProvider: Close
2021-06-20T22:59:55.632+0100 [DEBUG] plugin: plugin exited
2021/06/20 22:59:55 [TRACE] vertex "provider[\"hashicorp.com/edu/hashicups\"] (close)": visit complete
2021/06/20 22:59:55 [TRACE] dag/walk: visiting "root"
2021/06/20 22:59:55 [TRACE] vertex "root": starting visit (*terraform.nodeCloseModule)
2021/06/20 22:59:55 [TRACE] vertex "root": visit complete
2021/06/20 22:59:55 [TRACE] statemgr.Filesystem: removing lock metadata file .terraform.tfstate.lock.info
2021/06/20 22:59:55 [TRACE] statemgr.Filesystem: unlocking terraform.tfstate using fcntl flock
